<?xml version="1.0" encoding="UTF-8"?>
<testsuites>
  <testsuite name="" tests="5" assertions="0" errors="5" warnings="0" failures="0" skipped="0" time="0.010879">
    <testsuite name="App" tests="5" assertions="0" errors="5" warnings="0" failures="0" skipped="0" time="0.010879">
      <testsuite name="ExampleDatabaseTest" file="/var/www/vhosts/my.lawboss.org/httpdocs/citadel/tests/database/ExampleDatabaseTest.php" tests="2" assertions="0" errors="2" warnings="0" failures="0" skipped="0" time="0.010177">
        <testcase name="testModelFindAll" class="ExampleDatabaseTest" classname="ExampleDatabaseTest" file="/var/www/vhosts/my.lawboss.org/httpdocs/citadel/tests/database/ExampleDatabaseTest.php" line="17" assertions="0" time="0.009922">
          <error type="Error">ExampleDatabaseTest::testModelFindAll
Error: Call to undefined function CodeIgniter\locale_set_default()

/var/www/vhosts/my.lawboss.org/httpdocs/citadel/vendor/codeigniter4/framework/system/CodeIgniter.php:181
/var/www/vhosts/my.lawboss.org/httpdocs/citadel/vendor/codeigniter4/framework/system/Test/CIUnitTestCase.php:512
/var/www/vhosts/my.lawboss.org/httpdocs/citadel/vendor/codeigniter4/framework/system/Test/CIUnitTestCase.php:235</error>
        </testcase>
        <testcase name="testSoftDeleteLeavesRow" class="ExampleDatabaseTest" classname="ExampleDatabaseTest" file="/var/www/vhosts/my.lawboss.org/httpdocs/citadel/tests/database/ExampleDatabaseTest.php" line="28" assertions="0" time="0.000255">
          <error type="Error">ExampleDatabaseTest::testSoftDeleteLeavesRow
Error: Call to undefined function CodeIgniter\locale_set_default()

/var/www/vhosts/my.lawboss.org/httpdocs/citadel/vendor/codeigniter4/framework/system/CodeIgniter.php:181
/var/www/vhosts/my.lawboss.org/httpdocs/citadel/vendor/codeigniter4/framework/system/Test/CIUnitTestCase.php:512
/var/www/vhosts/my.lawboss.org/httpdocs/citadel/vendor/codeigniter4/framework/system/Test/CIUnitTestCase.php:235</error>
        </testcase>
      </testsuite>
      <testsuite name="ExampleSessionTest" file="/var/www/vhosts/my.lawboss.org/httpdocs/citadel/tests/session/ExampleSessionTest.php" tests="1" assertions="0" errors="1" warnings="0" failures="0" skipped="0" time="0.000225">
        <testcase name="testSessionSimple" class="ExampleSessionTest" classname="ExampleSessionTest" file="/var/www/vhosts/my.lawboss.org/httpdocs/citadel/tests/session/ExampleSessionTest.php" line="11" assertions="0" time="0.000225">
          <error type="Error">ExampleSessionTest::testSessionSimple
Error: Call to undefined function CodeIgniter\locale_set_default()

/var/www/vhosts/my.lawboss.org/httpdocs/citadel/vendor/codeigniter4/framework/system/CodeIgniter.php:181
/var/www/vhosts/my.lawboss.org/httpdocs/citadel/vendor/codeigniter4/framework/system/Test/CIUnitTestCase.php:512
/var/www/vhosts/my.lawboss.org/httpdocs/citadel/vendor/codeigniter4/framework/system/Test/CIUnitTestCase.php:235</error>
        </testcase>
      </testsuite>
      <testsuite name="HealthTest" file="/var/www/vhosts/my.lawboss.org/httpdocs/citadel/tests/unit/HealthTest.php" tests="2" assertions="0" errors="2" warnings="0" failures="0" skipped="0" time="0.000477">
        <testcase name="testIsDefinedAppPath" class="HealthTest" classname="HealthTest" file="/var/www/vhosts/my.lawboss.org/httpdocs/citadel/tests/unit/HealthTest.php" line="13" assertions="0" time="0.000221">
          <error type="Error">HealthTest::testIsDefinedAppPath
Error: Call to undefined function CodeIgniter\locale_set_default()

/var/www/vhosts/my.lawboss.org/httpdocs/citadel/vendor/codeigniter4/framework/system/CodeIgniter.php:181
/var/www/vhosts/my.lawboss.org/httpdocs/citadel/vendor/codeigniter4/framework/system/Test/CIUnitTestCase.php:512
/var/www/vhosts/my.lawboss.org/httpdocs/citadel/vendor/codeigniter4/framework/system/Test/CIUnitTestCase.php:235</error>
        </testcase>
        <testcase name="testBaseUrlHasBeenSet" class="HealthTest" classname="HealthTest" file="/var/www/vhosts/my.lawboss.org/httpdocs/citadel/tests/unit/HealthTest.php" line="18" assertions="0" time="0.000256">
          <error type="Error">HealthTest::testBaseUrlHasBeenSet
Error: Call to undefined function CodeIgniter\locale_set_default()

/var/www/vhosts/my.lawboss.org/httpdocs/citadel/vendor/codeigniter4/framework/system/CodeIgniter.php:181
/var/www/vhosts/my.lawboss.org/httpdocs/citadel/vendor/codeigniter4/framework/system/Test/CIUnitTestCase.php:512
/var/www/vhosts/my.lawboss.org/httpdocs/citadel/vendor/codeigniter4/framework/system/Test/CIUnitTestCase.php:235</error>
        </testcase>
      </testsuite>
    </testsuite>
  </testsuite>
</testsuites>
